native-android/app/build/intermediates/manifest_merge_blame_file/debug/processDebugMainManifest/manifest-merger-blame-debug-report.txt
1<?xml version="1.0" encoding="utf-8"?>
2<!--
3 VibeCore Univers — Android Build Host Manifest (Integration Gate, Baseline 1.1).
4     RECORD_AUDIO: Voice-Live-Input (Runtime-Permission VOR voiceSetLiveInputEnabled(true)).
5     INTERNET: WebView (Dev-Server / externe Assets).
6-->
7<manifest xmlns:android="http://schemas.android.com/apk/res/android"
8    package="com.vibecore.app"
9    android:versionCode="1"
10    android:versionName="1.0" >
11
12    <uses-sdk
13        android:minSdkVersion="21"
14        android:targetSdkVersion="34" />
15
16    <uses-permission android:name="android.permission.INTERNET" />
16-->src/main/AndroidManifest.xml:7:5-67
16-->src/main/AndroidManifest.xml:7:22-64
17    <uses-permission android:name="android.permission.RECORD_AUDIO" />
17-->src/main/AndroidManifest.xml:8:5-71
17-->src/main/AndroidManifest.xml:8:22-68
18    <uses-permission android:name="android.permission.MODIFY_AUDIO_SETTINGS" />
18-->src/main/AndroidManifest.xml:9:5-80
18-->src/main/AndroidManifest.xml:9:22-77
19
20    <uses-feature
20-->src/main/AndroidManifest.xml:11:5-96
21        android:name="android.hardware.audio.low_latency"
21-->src/main/AndroidManifest.xml:11:19-68
22        android:required="false" />
22-->src/main/AndroidManifest.xml:11:69-93
23    <uses-feature
23-->src/main/AndroidManifest.xml:12:5-88
24        android:name="android.hardware.audio.pro"
24-->src/main/AndroidManifest.xml:12:19-60
25        android:required="false" />
25-->src/main/AndroidManifest.xml:12:61-85
26    <uses-feature
26-->src/main/AndroidManifest.xml:13:5-89
27        android:name="android.hardware.microphone"
27-->src/main/AndroidManifest.xml:13:19-61
28        android:required="false" />
28-->src/main/AndroidManifest.xml:13:62-86
29
30    <permission
30-->[androidx.core:core:1.13.1] AndroidManifest.xml:22:5-24:47
31        android:name="com.vibecore.app.DYNAMIC_RECEIVER_NOT_EXPORTED_PERMISSION"
31-->[androidx.core:core:1.13.1] AndroidManifest.xml:23:9-81
32        android:protectionLevel="signature" />
32-->[androidx.core:core:1.13.1] AndroidManifest.xml:24:9-44
33
34    <uses-permission android:name="com.vibecore.app.DYNAMIC_RECEIVER_NOT_EXPORTED_PERMISSION" />
34-->[androidx.core:core:1.13.1] AndroidManifest.xml:26:5-97
34-->[androidx.core:core:1.13.1] AndroidManifest.xml:26:22-94
35
36    <application
36-->src/main/AndroidManifest.xml:15:5-33:19
37        android:name="com.vibecore.app.VibeCoreApplication"
37-->src/main/AndroidManifest.xml:16:9-60
38        android:allowBackup="false"
38-->src/main/AndroidManifest.xml:18:9-36
39        android:appComponentFactory="androidx.core.app.CoreComponentFactory"
39-->[androidx.core:core:1.13.1] AndroidManifest.xml:28:18-86
40        android:debuggable="true"
41        android:extractNativeLibs="true"
42        android:label="VibeCore Univers"
42-->src/main/AndroidManifest.xml:17:9-41
43        android:supportsRtl="true"
43-->src/main/AndroidManifest.xml:19:9-35
44        android:theme="@android:style/Theme.Material.NoActionBar" >
44-->src/main/AndroidManifest.xml:20:9-66
45        <activity
45-->src/main/AndroidManifest.xml:22:9-32:20
46            android:name="com.vibecore.app.MainActivity"
46-->src/main/AndroidManifest.xml:23:13-57
47            android:configChanges="orientation|screenSize|keyboardHidden"
47-->src/main/AndroidManifest.xml:26:13-74
48            android:exported="true"
48-->src/main/AndroidManifest.xml:24:13-36
49            android:launchMode="singleTask"
49-->src/main/AndroidManifest.xml:25:13-44
50            android:screenOrientation="portrait" >
50-->src/main/AndroidManifest.xml:27:13-49
51            <intent-filter>
51-->src/main/AndroidManifest.xml:28:13-31:29
52                <action android:name="android.intent.action.MAIN" />
52-->src/main/AndroidManifest.xml:29:17-69
52-->src/main/AndroidManifest.xml:29:25-66
53
54                <category android:name="android.intent.category.LAUNCHER" />
54-->src/main/AndroidManifest.xml:30:17-77
54-->src/main/AndroidManifest.xml:30:27-74
55            </intent-filter>
56        </activity>
57
58        <provider
58-->[androidx.profileinstaller:profileinstaller:1.3.0] AndroidManifest.xml:24:9-32:20
59            android:name="androidx.startup.InitializationProvider"
59-->[androidx.profileinstaller:profileinstaller:1.3.0] AndroidManifest.xml:25:13-67
60            android:authorities="com.vibecore.app.androidx-startup"
60-->[androidx.profileinstaller:profileinstaller:1.3.0] AndroidManifest.xml:26:13-68
61            android:exported="false" >
61-->[androidx.profileinstaller:profileinstaller:1.3.0] AndroidManifest.xml:27:13-37
62            <meta-data
62-->[androidx.profileinstaller:profileinstaller:1.3.0] AndroidManifest.xml:29:13-31:52
63                android:name="androidx.profileinstaller.ProfileInstallerInitializer"
63-->[androidx.profileinstaller:profileinstaller:1.3.0] AndroidManifest.xml:30:17-85
64                android:value="androidx.startup" />
64-->[androidx.profileinstaller:profileinstaller:1.3.0] AndroidManifest.xml:31:17-49
65        </provider>
66
67        <receiver
67-->[androidx.profileinstaller:profileinstaller:1.3.0] AndroidManifest.xml:34:9-52:20
68            android:name="androidx.profileinstaller.ProfileInstallReceiver"
68-->[androidx.profileinstaller:profileinstaller:1.3.0] AndroidManifest.xml:35:13-76
69            android:directBootAware="false"
69-->[androidx.profileinstaller:profileinstaller:1.3.0] AndroidManifest.xml:36:13-44
70            android:enabled="true"
70-->[androidx.profileinstaller:profileinstaller:1.3.0] AndroidManifest.xml:37:13-35
71            android:exported="true"
71-->[androidx.profileinstaller:profileinstaller:1.3.0] AndroidManifest.xml:38:13-36
72            android:permission="android.permission.DUMP" >
72-->[androidx.profileinstaller:profileinstaller:1.3.0] AndroidManifest.xml:39:13-57
73            <intent-filter>
73-->[androidx.profileinstaller:profileinstaller:1.3.0] AndroidManifest.xml:40:13-42:29
74                <action android:name="androidx.profileinstaller.action.INSTALL_PROFILE" />
74-->[androidx.profileinstaller:profileinstaller:1.3.0] AndroidManifest.xml:41:17-91
74-->[androidx.profileinstaller:profileinstaller:1.3.0] AndroidManifest.xml:41:25-88
75            </intent-filter>
76            <intent-filter>
76-->[androidx.profileinstaller:profileinstaller:1.3.0] AndroidManifest.xml:43:13-45:29
77                <action android:name="androidx.profileinstaller.action.SKIP_FILE" />
77-->[androidx.profileinstaller:profileinstaller:1.3.0] AndroidManifest.xml:44:17-85
77-->[androidx.profileinstaller:profileinstaller:1.3.0] AndroidManifest.xml:44:25-82
78            </intent-filter>
79            <intent-filter>
79-->[androidx.profileinstaller:profileinstaller:1.3.0] AndroidManifest.xml:46:13-48:29
80                <action android:name="androidx.profileinstaller.action.SAVE_PROFILE" />
80-->[androidx.profileinstaller:profileinstaller:1.3.0] AndroidManifest.xml:47:17-88
80-->[androidx.profileinstaller:profileinstaller:1.3.0] AndroidManifest.xml:47:25-85
81            </intent-filter>
82            <intent-filter>
82-->[androidx.profileinstaller:profileinstaller:1.3.0] AndroidManifest.xml:49:13-51:29
83                <action android:name="androidx.profileinstaller.action.BENCHMARK_OPERATION" />
83-->[androidx.profileinstaller:profileinstaller:1.3.0] AndroidManifest.xml:50:17-95
83-->[androidx.profileinstaller:profileinstaller:1.3.0] AndroidManifest.xml:50:25-92
84            </intent-filter>
85        </receiver>
86    </application>
87
88</manifest>